<?xml version="1.0" encoding="UTF-8"?>
<!-- Generated by org.testng.reporters.JUnitXMLReporter -->
<testsuite hostname="LAPTOP-SLURSDT2" ignored="0" name="wangdonghui" tests="1" failures="1" timestamp="24 十二月 2018 09:56:48 GMT" time="8.748" errors="0">
  <testcase name="test1" time="0.01" classname="com.webtest.demo.Admin_Login">
    <failure type="java.lang.AssertionError" message="expected [2] but found [1]">
      <![CDATA[java.lang.AssertionError: expected [2] but found [1]
at com.webtest.demo.Admin_Login.test1(Admin_Login.java:30)
... Removed 31 stack frames]]>
    </failure>
  </testcase> <!-- test1 -->
</testsuite> <!-- wangdonghui -->
