<?xml version="1.0" encoding="UTF-8"?>
<!-- Generated by org.testng.reporters.JUnitReportReporter -->
<testsuite hostname="LAPTOP-SLURSDT2" failures="0" tests="2" name="com.xinhu.customertest.test.AddReminSetting_test" time="65.230" errors="0" timestamp="03 12月 2018 14:41:56 GMT" skipped="0">
  <testcase classname="com.xinhu.customertest.test.AddReminSetting_test" name="addReminSetting" time="35.661"/>
  <testcase classname="com.xinhu.customertest.test.AddReminSetting_test" name="addReminSetting" time="29.569"/>
</testsuite> <!-- com.xinhu.customertest.test.AddReminSetting_test -->
