<?xml version="1.0" encoding="UTF-8"?>
<!-- Generated by org.testng.reporters.JUnitReportReporter -->
<testsuite hostname="LAPTOP-SLURSDT2" failures="0" tests="4" name="com.xinhu.customertest.test.Login_test" time="0.000" errors="0" timestamp="05 12月 2018 06:03:51 GMT" skipped="4">
  <testcase classname="com.xinhu.customertest.test.Login_test" name="Login_success" time="0.000">
    <skipped/>
  </testcase> <!-- Login_success -->
  <testcase classname="com.xinhu.customertest.test.Login_test" name="Login_success" time="0.000">
    <skipped/>
  </testcase> <!-- Login_success -->
  <testcase classname="com.xinhu.customertest.test.Login_test" name="Login_success" time="0.000">
    <skipped/>
  </testcase> <!-- Login_success -->
  <testcase classname="com.xinhu.customertest.test.Login_test" name="Login_success" time="0.000">
    <skipped/>
  </testcase> <!-- Login_success -->
</testsuite> <!-- com.xinhu.customertest.test.Login_test -->
