<?xml version="1.0" encoding="UTF-8"?>
<!-- Generated by org.testng.reporters.JUnitReportReporter -->
<testsuite hostname="LAPTOP-SLURSDT2" failures="0" tests="5" name="com.xinhu.customertest.test.HighSearch_test" time="71.885" errors="0" timestamp="07 12月 2018 00:23:52 GMT" skipped="0">
  <testcase classname="com.xinhu.customertest.test.HighSearch_test" name="custname" time="13.130"/>
  <testcase classname="com.xinhu.customertest.test.HighSearch_test" name="type" time="19.507"/>
  <testcase classname="com.xinhu.customertest.test.HighSearch_test" name="moneyz" time="13.101"/>
  <testcase classname="com.xinhu.customertest.test.HighSearch_test" name="htshu" time="13.060"/>
  <testcase classname="com.xinhu.customertest.test.HighSearch_test" name="mobile" time="13.087"/>
</testsuite> <!-- com.xinhu.customertest.test.HighSearch_test -->
